<?xml version="1.0" encoding="UTF-8"?>
<!-- Generated by org.testng.reporters.JUnitXMLReporter -->
<testsuite ignored="0" hostname="LAPTOP-SM0IGFP9" failures="1" tests="3" name="Submit Order Test" time="39.524" errors="0" timestamp="2024-09-11T13:53:37 IST">
  <testcase classname="aslamwork.tests.SubmitOrderTest" name="submitOrder" time="11.982"/>
  <testcase classname="aslamwork.tests.SubmitOrderTest" name="submitOrder" time="11.85"/>
  <testcase classname="aslamwork.tests.SubmitOrderTest" name="OrderHistoryTest" time="1.589">
    <failure type="java.lang.AssertionError" message="expected [true] but found [false]">
      <![CDATA[java.lang.AssertionError: expected [true] but found [false]
at aslamwork.tests.SubmitOrderTest.OrderHistoryTest(SubmitOrderTest.java:56)
at java.base/java.util.ArrayList.forEach(ArrayList.java:1511)
at java.base/java.util.concurrent.FutureTask.run(FutureTask.java:264)
at java.base/java.util.concurrent.ThreadPoolExecutor.runWorker(ThreadPoolExecutor.java:1136)
at java.base/java.util.concurrent.ThreadPoolExecutor$Worker.run(ThreadPoolExecutor.java:635)
at java.base/java.lang.Thread.run(Thread.java:833)
... Removed 21 stack frames]]>
    </failure>
  </testcase> <!-- OrderHistoryTest -->
</testsuite> <!-- Submit Order Test -->
